* using log directory ‘/home/pavel/MEGA/gitHub/orthogonalize/..Rcheck’
* using R version 3.5.2 (2018-12-20)
* using platform: x86_64-pc-linux-gnu (64-bit)
* using session charset: UTF-8
* checking for file ‘./DESCRIPTION’ ... OK
* checking extension type ... Package
* this is package ‘orthogonalize’ version ‘1.1’
* checking package namespace information ... OK
* checking package dependencies ... OK
* checking if this is a source package ... WARNING
Subdirectory ‘orthogonalize/src’ contains apparent object files/libraries
  RcppExports.o get_residuals.o orthogonalize.so
Object files/libraries should not be included in a source package.
* checking if there is a namespace ... OK
* checking for executable files ... WARNING
Found the following executable files:
  .git/objects/00/716c454bc74104182dc78f41f3944d84a0de64
  .git/objects/00/911e528a2e47e9f6d99c5684f98c3628de9f32
  .git/objects/01/6476860ba0ef70dc361dd9d0df5079b6d463f4
  .git/objects/02/bca7053701fb670993a76751017e3e89c2ca38
  .git/objects/04/5729e30462eb1dd8b015661664b69fa6213aa2
  .git/objects/05/29ebf931ed08ea0e242bb2d46f626aef328446
  .git/objects/09/a0bc2ae4e608ae39fbc17d1ee69e03f63321e9
  .git/objects/09/ac216b8af6fd79fe6e6bb270b4e94efae82deb
  .git/objects/09/e690ffe7e1f4f3c4aee89ac9b2acf43f270fce
  .git/objects/09/f170ca98ea500052e078e42c9c3f95e9453b3e
  .git/objects/09/fd0335564cc5204cbb9fd0913e701cc24ea91b
  .git/objects/0a/f633ad483c66c7b88c8879ee3a9395e2a223c4
  .git/objects/0b/b21da34817fa7818b63421daa9af8021ed7b78
  .git/objects/0c/7e6261e72ff93fb3881e6cbf572f37a7d7d2d8
  .git/objects/0e/07a8ebee95af1b4b14c7505bb97d92410f491d
  .git/objects/0e/cbc73d8038023f22fa8df44e723c72b052a33e
  .git/objects/0f/ad739fc741e73c5970d56e9905004021fcfd47
  .git/objects/0f/d28c18f67db45325274dcd01ac561889b16506
  .git/objects/10/cfc917cea989aac540ea868fabd0f4c30f2a35
  .git/objects/12/910a1964c2d3f06a7458c18dfd3f9f8808b207
  .git/objects/13/9aa1e381bd9f6f85866d7b3a46489cd39d76ae
  .git/objects/18/c94b643c8ed42278470b96ee7591c017608e57
  .git/objects/19/7d3d3f4340008772ee414f1e560660495705ea
  .git/objects/1b/85f0081f9affc2e70301f5cd751cec3f3112cc
  .git/objects/1c/de15b8c4258c009deeff98c4a8b105d4e7e38f
  .git/objects/1d/90e3ba775cfbe593413f2d485622109e589dc7
  .git/objects/1e/115bf1a1cfe0798addcacccbf0fcb20212523f
  .git/objects/1e/617f732241f98cad31d267faf3812f9ab8ed3c
  .git/objects/1e/968e9851d3a5d19a75db360ef3aa7a0f94245f
  .git/objects/21/5ac6fd7032e238b53e14a6b049be0a9da965c1
  .git/objects/21/c7e478c0032c6c4b2e14e117a9a62a6161bac7
  .git/objects/22/91ae85031f81d81b7dc98b4d0bc5690cf655b6
  .git/objects/23/d90335bce73d3f145f0e862de49c4e334e2daf
  .git/objects/24/77752b8669de9639dd88a7af4bb8e65209b261
  .git/objects/25/3722b34b002f472c46b59166f4aa40b3abcf7c
  .git/objects/25/917d698772716e46b8c3a1c368f627cb105524
  .git/objects/26/82fcf8902b79e3a2e1c06f265227bab1185a80
  .git/objects/26/c2ec20193adfc354880cb9794255c06a4a9245
  .git/objects/29/2fd08c5087fae2d40cb6e7df3661c86a07f3aa
  .git/objects/29/60e96bf88ee3d0c8166ad4b00dc46f4857bc32
  .git/objects/29/8d74644509c93ac0167ec0423f1f9e4a9d22a7
  .git/objects/29/f52f56c47efe50706d1f60db05e2546293aba4
  .git/objects/2b/4238ca24ed8edf4a9aed6704a5d778fcfe5b01
  .git/objects/2b/6f2a2f8ee26a6d039d3ef516c4ee0b27851dbc
  .git/objects/2c/83fb7c24738bac81aeb3aa46227cc30d34ecbe
  .git/objects/2f/048cfbd6b8d72cac3d891db33d1504a5a2dbe8
  .git/objects/2f/3f074b5791fe2d03ba79ca4622ba0bab26e4c1
  .git/objects/2f/d03f55e8b7ec6cbb532aabb15952ed7350b06e
  .git/objects/31/d38ee7902777175d1ae5265e61656435da63d8
  .git/objects/34/a60eb75f035cd1b337c09060387eb21a5b727b
  .git/objects/35/1994ada5af6e1e9be2282d41bb6ec270b0c703
  .git/objects/38/33f5d25865c5814753c12326f94c6bacfa19de
  .git/objects/39/01b7e17d7c7c8ca4c5deff0f247af9189b5ec5
  .git/objects/3b/65e3cbb872050f5dbcfacd3f2057d52d28ba0e
  .git/objects/3d/1386441ae5575641de1aef8bb8eb35997eaeae
  .git/objects/3e/6b69044dd48aeee8112853420ec376ec309553
  .git/objects/3e/f074e0801bab50d4b89384e0f353abd8a8b192
  .git/objects/3f/1b6fa6ed6101da48d6188e54ea0764d613d601
  .git/objects/3f/529c8e3aed88526da6433f2204ac9855332226
  .git/objects/3f/a5acc3f7ab9c5b6b47ba9c321a2c224754b69f
  .git/objects/41/591306d33269a7d645d71ef7d582efdd9f6cc7
  .git/objects/42/1d449f0059c3ae1623d0bfe81e2832661629ab
  .git/objects/45/9ae87a3269c07a0f6c5dd79be881cfc9617e59
  .git/objects/46/c5cd7b29909afe72ed5f414db2de1e1dc73651
  .git/objects/47/4bea89d06badb282805f99ff940a6318671776
  .git/objects/47/a3234a8f6e06cc8c653717f11d6c5f042c9baa
  .git/objects/48/07460fc54ecd4e1e4c9599884de698f987b4b7
  .git/objects/49/049610a368c1e9d2dff586d3ff7f06d2019279
  .git/objects/49/e7d82189336516cec627b314f5e63695eacf11
  .git/objects/4a/d1aeb489d90ae7ad1ee91aa59c3331aedd5cd7
  .git/objects/4b/44afd37fcdeff02442235cb727add70313745f
  .git/objects/4b/c1ba3e34c3755fc5dd0b99c6e3da069f9ba41b
  .git/objects/4d/1d8814cade79b76583661e1fd90ad03053a7bf
  .git/objects/4e/23ea225c1e4e6b1138884037808bf580664063
  .git/objects/4e/9f23be8fe61c3274b66db6409b62b54ad4814e
  .git/objects/4f/169f5e473e5102ed6a3fe6d730e141ad00b9e6
  .git/objects/51/4b75f5b94ab9629cf7f6e66f36a2f344da4c3d
  .git/objects/53/9f0b887e0c9b0678255000a7f5caac8edbcd3e
  .git/objects/53/e49f7192ece3bf8219a6dbea183992327d9566
  .git/objects/54/6c6ada2cc6c0f29c1192125ef1f262833bd8b3
  .git/objects/54/927770a5d63cf7895388c71ea32b103ff69283
  .git/objects/54/cfef3838ab57b9913e077e8234e97c0d5f369d
  .git/objects/55/de3c459ad6afb493d807f74e38e5fe96923ef0
  .git/objects/5a/4bac14f335df224c0b3beae5a5cea0b9069148
  .git/objects/5c/41a5c2e9bd425fd3508c0c57a62d5dc2a3f554
  .git/objects/5c/78eea75cb697f6dad1f48440807db5afbaa4fd
  .git/objects/5d/5c1cadc383e6b4b1ef23e6ca75451bfe97af84
  .git/objects/5d/6cad18dc20c83906f65074bc096d622ec64c50
  .git/objects/5d/d292bd1a74274a1012bbc6211e291d3ae29f6d
  .git/objects/5e/c5ec9828cf18850d1205dcc455ea347e25b69b
  .git/objects/5f/5135dc70572c2de6b9a0a8e5615b9aa3606957
  .git/objects/60/71cf7a125c663ad5ad454417c86852a915cda7
  .git/objects/60/a97443e462acdb42f46678818aa6114f64c0b8
  .git/objects/60/f425aa1c8ccc17ea57952719143534ee3617fb
  .git/objects/63/36598d02b20bfa3e84aaaef3918c404b384182
  .git/objects/63/56d8563db21ca71bde37dee281b664e0b41654
  .git/objects/64/1bc0734694720296bf5273f81aa28b6d45181b
  .git/objects/64/4c6c715cbf12b1cfb75d52c9100a5fa8334ecd
  .git/objects/65/b6e87641ef8608948deac65008e58cf2ebe515
  .git/objects/67/fc718575fe8a12705e7849b3f1f963da0cd202
  .git/objects/68/1af53198d7d6cd8f0a877f7aab137864817de4
  .git/objects/6a/9a3540fbac5fdd7ed1cef548799af2db388044
  .git/objects/6c/5d98333810757c4be6c92a1c068e07a19884d8
  .git/objects/6d/452f4018d06ed765e843e9de1d3f7b84406e06
  .git/objects/6d/7a25888e7d70936510d316fc80bfb582102df3
  .git/objects/6e/22ae57a64824635013c50c732bd92f4cd2865e
  .git/objects/6e/b7704b417bf97196686b51e93d9988babd0640
  .git/objects/70/e77084644871912134f527b9d8a3f148e7cbd8
  .git/objects/71/463fe7562f2a329925abaf4958dcbf9593e083
  .git/objects/71/697d795f7f5445c4202ed877240474b191bbed
  .git/objects/72/06a4657b75745d59fa29808c0684ab372aac30
  .git/objects/72/6ef359c8b47f291f25422f9d67cd260ddd08a3
  .git/objects/74/95efbce95d9b4e01a1fe0bcf30c0907f5af57b
  .git/objects/75/7fd0e2d16383c8a7cf98e1ed348cb48dda7f8f
  .git/objects/76/295c43a0961b426bf64c3fe839ffc004e0c958
  .git/objects/77/b6406779538b1e4f4b1111185a224b10a7898d
  .git/objects/79/1e02600335a3547043c2aa327f933f85115d88
  .git/objects/79/5ac3e7b0356cbb116736c6d4d7cb306924d0f9
  .git/objects/79/8f53f5df7b5ed582e21d508cf4e31ae3e0e497
  .git/objects/7b/4d288e86d240216ad49b74134272edad6c239f
  .git/objects/7b/c3a968abbf6bb29463d982e2ea3f212293eee1
  .git/objects/7c/c1f0a0fbaef1b6fe232054bbea02e1b68acb86
  .git/objects/7d/11c594a3ec3d0c5b53bf89781a86d2f65ee750
  .git/objects/7d/6665b59dafe1c0e069934336dc2e81b1658314
  .git/objects/7d/a9c8cab8b4339d33bd5a654013ea6756468db4
  .git/objects/7d/bc78c964039aa1e2e9c4f94b25d9c98a09609c
  .git/objects/7e/093ea9c86788c1e58e622f1e44de443c9aca41
  .git/objects/7e/1bb9d7a44c6d76932879e93fcf6eed1e11267e
  .git/objects/7e/e36db8505c66228070b2b7b47b0f3836252796
  .git/objects/7f/2f556155241bfbc00d21795e4b13c0e1fca6dd
  .git/objects/80/b6e84af5bc6129cee2983705080b8db4789fa7
  .git/objects/81/19f553434ef21a0614c69a02a4b764bf8e9d0d
  .git/objects/83/199c8781fef3444d92818a7bac5b77289f7d66
  .git/objects/83/23c5b6dd73cda24bb702e7dcf1ed0b031b5f37
  .git/objects/84/1141802e91f8d0f12b4e344976004b0f92bc5e
  .git/objects/85/97ffc305a7c34448d0f017e439f297ae9fc88f
  .git/objects/86/ba91702587198eea7a90e0bef1f3c4f69c6176
  .git/objects/86/ef7e4e93a616f8baf67b00dbae4a75cdc7b0bc
  .git/objects/87/8574c6f7a2423155457eecdb22ad3297e5cf0f
  .git/objects/88/b1a174f5ee626213c333af1887be1c1117525b
  .git/objects/89/113d8d33afe20d85b033c26e9d4f2914e8fc37
  .git/objects/89/65f3c2ff2a8008567c70e8dedda847020bdf19
  .git/objects/8a/d6d2508705d9a8fa77097c91589694c4a7867f
  .git/objects/8b/0e79e2c296b86f404ddc3b862577247a2ead49
  .git/objects/8c/f7a6412764c85dc1c110680cf27a5390f899e5
  .git/objects/8d/562d93d4e02e0a85ba9c43f2e2fc9fe6d39b9b
  .git/objects/8e/852d5520daaa06ec1d66450274c29f810093d7
  .git/objects/8f/c9343913d61b8f0cc58c3fb82531335008d16e
  .git/objects/90/006fcd4e303bc5dc49de4541fea90e61e12189
  .git/objects/90/8d5fe2109c8d305eed153caf242b6e39c2fd20
  .git/objects/90/90ad5a30c183877bcc4a4699e1431f945466c2
  .git/objects/91/3ff1a2773590503f0676f141046fcce6b7f11d
  .git/objects/93/3ef17b45c51ef741a0641fc355ac718983ee7e
  .git/objects/94/acaebcf60f6a74f78b191299fbb911fb1e483d
  .git/objects/96/5fc69ad1eec562a4e479e88be9ed5f0071fb04
  .git/objects/96/843d1b4a5fde1335fafe0a3478a4115cc8d040
  .git/objects/98/5173f6901e747cc435d048da5e2e8147013cb3
  .git/objects/99/86a9670abd29e3b5437162335350e1e5b8603e
  .git/objects/9b/52c8c108802a9ab1d1b8ee139d54991dc5663b
  .git/objects/9b/53fd35a7d02712e2900dd533009a23cf3a6fde
  .git/objects/9b/6596c3aeecdcd833a6ffa242ecbd2d03253bf2
  .git/objects/9c/ecc1d4669ee8af2ca727a5d8cde10cd8b2d7cc
  .git/objects/9d/41f396741e0b10a9d8bedfbbf8592a5cc8476f
  .git/objects/9e/91eb9cdebd78059c5c289c0b6b431e99e06ae8
  .git/objects/a0/07db5005e5e5b5afa13a322bf0460c0f42fb1f
  .git/objects/a0/9190d1ae6edd779fbe2653f80dd0c78930a60d
  .git/objects/a1/09f86c7ea4b3f1803bd9b9ede49f15db1dac4b
  .git/objects/a3/1eecfe10970e18e0a9be131b0725ea2cffd23c
  .git/objects/a5/7a2b0ec19cf1ebb6e4960eed63b6489c19e49f
  .git/objects/a5/e937adf80a07ab8343d187d975aa9e99a6330b
  .git/objects/a5/f98ab861818a664d6f9004c0a4e4776561b3cd
  .git/objects/a7/41bbd5352d41b94b30a2ca0e1956b3b27abc69
  .git/objects/aa/16d628df1b4649a9970b3d40b9a5800fcffb51
  .git/objects/aa/9a767037eda557f6a6ef77d807915d485c679d
  .git/objects/ae/3238ed075b04465bbd305fb0c178992261b45b
  .git/objects/af/8d4300c752003ad958375ecb3adcfb134ef2c8
  .git/objects/b0/2eca9ade7b7960f9e2792ef33fac24b932adf3
  .git/objects/b0/e7f6f195cf5bd2283e5bb0562bb0af8e85366b
  .git/objects/b1/f8497d52cb38a49f83d9181cd8b549d25c79c6
  .git/objects/b2/41ee7f855aed6167e592ff3a34701555917970
  .git/objects/b3/45f2e11012840d48719c8b17f0a6d9e82197b2
  .git/objects/b5/0026446147cd119b7f0e743f0c040ebd2db7a2
  .git/objects/b5/0041d97b479243d4f07753e495782c22566246
  .git/objects/b7/09beec93f6b3af66a44043c2ebccba9519febc
  .git/objects/b8/d1c7fe10d5df8291ff3dcf235654322f5ca194
  .git/objects/ba/185936813b11d8a8b199465f6353a0895e5c96
  .git/objects/bc/1c05b852c8cf1e1a3f2a60260d5aa8c9cb0d88
  .git/objects/bd/4f6868d4462fc5b39fcb5ab38506f046a004b0
  .git/objects/c0/a53023ea1e1e627c18eb2ee63a5937a85f8afc
  .git/objects/c1/331f1bc03370d62e3ce5f56ac1d792730dda20
  .git/objects/c3/e6cfb0e89b8cedab14677c0237c61b41ddac5e
  .git/objects/c4/2479e70085e47f09e1277998a1617a752aa8ef
  .git/objects/c5/11a7a3891361096dd8b7b3ddc7a523d2a0764f
  .git/objects/c6/581eb522769d004392f958864d1d1b4b90a29c
  .git/objects/c7/3753acb354ce823163ee6ea651de9e26a5a268
  .git/objects/c8/024b4c7883dd73ddf4374036d0288394d29b4c
  .git/objects/c8/1cb06bf43193e4467595bf16586e41e21ba18a
  .git/objects/c8/6ad1e52079d88eec699b007fc3ac154a4445c9
  .git/objects/c9/7299d69e2ef0d81f079a4f09965c7e1c4181c3
  .git/objects/c9/b42d0c4f4b3c485a50f07f5840246bc910a7c0
  .git/objects/ca/fe662b5bdd7032cb7bac13971f1c74df206199
  .git/objects/cb/0ee9a17ef30b7c5f96144a79cb2c2cfe4f07b8
  .git/objects/cb/c5d6c5bf2366e6828cd705418f9bb9e2a92776
  .git/objects/cc/5f8ab2d63a4aa6f0622485d2c34eb9dfc997b4
  .git/objects/cd/02103c8d077788d8ba433243683e0d33110258
  .git/objects/cd/f29b9f9f55c62360b7a41e181df238cc9f298a
  .git/objects/ce/9c1ef038b709b4d40d945d5b463681e0a0f507
  .git/objects/cf/b262b173845aeacf3ce9e94c2bef2302af2d17
  .git/objects/cf/e04ecf8e39e0785303adc26909a5048cd601e5
  .git/objects/d1/839f8a96431dc6555a826c8c2bf6adfa4eaea1
  .git/objects/d2/8e1807470c627f944dd6732bc58d459557f53d
  .git/objects/d2/bd096ac47ce4e785d643dbd48fcf42bae5b41b
  .git/objects/d2/f1bf85bb04c10cf68be3bd9bd66cffbcfd15f7
  .git/objects/d3/e3f4143c50ad561945e7c34e6fe45de229b498
  .git/objects/d3/f9d915cf5dd93846b6e25a1bd06ef0cc1c016f
  .git/objects/d5/821050db47afcbfe9f3e9bf8ac31df897354ed
  .git/objects/d9/d449b108ff633242c96922ca7667b42d684470
  .git/objects/d9/de49ac559ac6497a14a0b2fc2dfcca649dabf7
  .git/objects/dd/66d0bd32744fb4d7b2f86f08be5f91f590df01
  .git/objects/de/d47c217c8a5bd26aa5d10a1bf12593fdeb9cb8
  .git/objects/df/fb3137ed73861aaa96d8dcbdb13e0df40bba65
  .git/objects/e0/7f36d6cf424dfc280749b07c70bc038d441e5a
  .git/objects/e1/39e476d22ad1edae55188a01abf6af8f508a8f
  .git/objects/e1/8a2720b77f9d29d3a37ddd8ddfb48d5e989fb6
  .git/objects/e3/2e7f4ea357c2b327927df10c9d8a31e7b61d5b
  .git/objects/e3/fb977248e300e8a403d6cf709a80fce68d7a04
  .git/objects/e5/1289e9245f9f224c4684d57050c21085f3ad0b
  .git/objects/e6/9de29bb2d1d6434b8b29ae775ad8c2e48c5391
  .git/objects/e6/d79b2ffbdffad1f88f8eb345018817b64db520
  .git/objects/e7/31f1ab557b968ad606ef15ce89903946c9e404
  .git/objects/e7/ebc81848fe48e534413e0395e57bbf218907fb
  .git/objects/e8/3be383003a3c6724fede6028de9cb8edcacaf5
  .git/objects/eb/e5057e24dc4e54fb86501cc4e23c37c23710b6
  .git/objects/ec/e7206424cdd9cacb1984a7056d466c0deb9df8
  .git/objects/ed/c9fd8fa4969e6d1841a9f46e892140b764a055
  .git/objects/ee/9ccfdb857d97b574b17ea9bfa5a9b56a9d38f0
  .git/objects/ef/7fd1ecca72b8b124770b584d3094ab9937260e
  .git/objects/ef/a31f7e076355cba86ea39b9e4f3a9ed32ab069
  .git/objects/ef/b01b14c58885e51e789b803664387cdc5a9f42
  .git/objects/f0/af6031adf49e180b7044bd666f7ba4b09e05a0
  .git/objects/f1/0f5ea669d3de9e84a2ce5bf5752546b99cd02d
  .git/objects/f1/4704888050260df7256b29144cac1aeb3678f1
  .git/objects/f1/4a1d596a93665698e26e34222ac4d5061d07f5
  .git/objects/f5/4f347bee8fa83d2bce4bc96a6a0f1fd2de1ee4
  .git/objects/f6/7db9c0a9042c8e80a86962c7168671fe30c773
  .git/objects/f7/c9073931c817e748c8198d269c100eacbf239f
  .git/objects/f8/29ec4d861ca7f8ab8079e98b334b4539bf7ee5
  .git/objects/f8/c2523b9eed84c6b6d7c036d813d0bf686e9e65
  .git/objects/f9/81e7cd7dfc1e85815628108a07cc8bbf24666b
  .git/objects/f9/a691cf48d97e2f3779bfad325b6c21e3ec0790
  .git/objects/fa/672d58f1e83b43b9fd1a36868746a0de72919f
  .git/objects/fa/cbbe9910653709a35f0b072d7de747b03f63ad
  .git/objects/fc/5b043f8706f94c655e5b375bc2b48170565f11
  .git/objects/fc/dc24fe79446967779d653d21271b4197b8abc3
  .git/objects/fd/6175931726569f2e21c7f5fa123c550a2594d9
  .git/objects/fd/dd46c42e8f836999b57ca9e089cb5420fb945f
  .git/objects/fe/b1d7587ff9462a50840a61af6208a510237ec9
Source packages should not contain undeclared executable files.
See section ‘Package structure’ in the ‘Writing R Extensions’ manual.
* checking for hidden files and directories ... NOTE
Found the following hidden files and directories:
  .gitignore
  .travis.yml
  ..Rcheck
  .git
These were most likely included in error. See section ‘Package
structure’ in the ‘Writing R Extensions’ manual.
* checking for portable file names ... OK
* checking for sufficient/correct file permissions ... OK
* checking whether package ‘orthogonalize’ can be installed ... OK
* checking installed package size ... OK
* checking package directory ... OK
* checking DESCRIPTION meta-information ... NOTE
Checking should be performed on sources prepared by ‘R CMD build’.
* checking top-level files ... NOTE
File
  LICENSE
is not mentioned in the DESCRIPTION file.
* checking for left-over files ... OK
* checking index information ... OK
* checking package subdirectories ... WARNING
Found the following directory with the name of a check directory:
  ./..Rcheck
Most likely, these were included erroneously.
* checking R files for non-ASCII characters ... OK
* checking R files for syntax errors ... OK
* checking whether the package can be loaded ... OK
* checking whether the package can be loaded with stated dependencies ... OK
* checking whether the package can be unloaded cleanly ... OK
* checking whether the namespace can be loaded with stated dependencies ... OK
* checking whether the namespace can be unloaded cleanly ... OK
* checking loading without being on the library search path ... OK
* checking dependencies in R code ... NOTE
Namespace in Imports field not imported from: ‘RcppArmadillo’
  All declared Imports should be used.
* checking S3 generic/method consistency ... OK
* checking replacement functions ... OK
* checking foreign function calls ... OK
* checking R code for possible problems ... OK
* checking Rd files ... OK
* checking Rd metadata ... OK
* checking Rd cross-references ... OK
* checking for missing documentation entries ... OK
* checking for code/documentation mismatches ... OK
* checking Rd \usage sections ... OK
* checking Rd contents ... OK
* checking for unstated dependencies in examples ... OK
* checking line endings in C/C++/Fortran sources/headers ... OK
* checking line endings in Makefiles ... OK
* checking compilation flags in Makevars ... OK
* checking for GNU extensions in Makefiles ... OK
* checking for portable use of $(BLAS_LIBS) and $(LAPACK_LIBS) ... OK
* checking compiled code ... WARNING
File ‘orthogonalize/libs/orthogonalize.so’:
  Found ‘abort’, possibly from ‘abort’ (C)
    Object: ‘RcppExports.o’

Compiled code should not call entry points which might terminate R nor
write to stdout/stderr instead of to the console, nor use Fortran I/O
nor system RNGs.

See ‘Writing portable packages’ in the ‘Writing R Extensions’ manual.
* checking examples ... OK
* checking for unstated dependencies in ‘tests’ ... OK
* checking tests ... OK
  Running ‘testthat.R’
* checking PDF version of manual ... WARNING
LaTeX errors when creating PDF version.
This typically indicates Rd problems.
LaTeX errors found:
! LaTeX Error: File `inconsolata.sty' not found.

Type X to quit or <RETURN> to proceed,
or enter new name. (Default extension: sty)

! Emergency stop.
<read *> 
         
l.276 ^^M
         
!  ==> Fatal error occurred, no output PDF file produced!
* checking PDF version of manual without hyperrefs or index ... OK
* DONE
Status: 5 WARNINGs, 4 NOTEs
