Hmm ... looks like a package
This is pdfTeX, Version 3.14159265-2.6-1.40.19 (TeX Live 2018/Arch Linux) (preloaded format=pdflatex)
 restricted \write18 enabled.
entering extended mode
(./Rd2.tex
LaTeX2e <2018-12-01>

(/usr/share/texmf-dist/tex/latex/base/book.cls
Document Class: book 2018/09/03 v1.4i Standard LaTeX document class
(/usr/share/texmf-dist/tex/latex/base/bk10.clo))
(/usr/share/texmf/tex/latex/Rd.sty
(/usr/share/texmf-dist/tex/latex/base/ifthen.sty)
(/usr/share/texmf-dist/tex/latex/tools/longtable.sty)
(/usr/share/texmf-dist/tex/latex/tools/bm.sty)
(/usr/share/texmf-dist/tex/latex/base/alltt.sty)
(/usr/share/texmf-dist/tex/latex/tools/verbatim.sty)
(/usr/share/texmf-dist/tex/latex/url/url.sty)
(/usr/share/texmf-dist/tex/latex/base/textcomp.sty
(/usr/share/texmf-dist/tex/latex/base/ts1enc.def
(/usr/share/texmf-dist/tex/latex/base/ts1enc.dfu)))
(/usr/share/texmf-dist/tex/latex/base/fontenc.sty
(/usr/share/texmf-dist/tex/latex/base/t1enc.def))
(/usr/share/texmf-dist/tex/latex/psnfss/times.sty))
(/usr/share/texmf-dist/tex/latex/base/inputenc.sty
(/usr/share/texmf-dist/tex/latex/base/latin1.def))
No file Rd2.aux.
(/usr/share/texmf-dist/tex/latex/base/ts1cmr.fd)
(/usr/share/texmf-dist/tex/latex/psnfss/t1ptm.fd)
(/usr/share/texmf-dist/tex/latex/psnfss/t1pcr.fd)
(/usr/share/texmf-dist/tex/latex/psnfss/t1phv.fd)
No file Rd2.toc.
(/usr/share/texmf-dist/tex/latex/base/utf8.def) [1{/var/lib/texmf/fonts/map/pdf
tex/updmap/pdftex.map}] [2] (./Rd2.aux) ){/usr/share/texmf-dist/fonts/enc/dvips
/base/8r.enc}</usr/share/texmf-dist/fonts/type1/urw/courier/ucrr8a.pfb></usr/sh
are/texmf-dist/fonts/type1/urw/helvetic/uhvr8a.pfb></usr/share/texmf-dist/fonts
/type1/urw/times/utmb8a.pfb></usr/share/texmf-dist/fonts/type1/urw/times/utmr8a
.pfb></usr/share/texmf-dist/fonts/type1/urw/times/utmr8a.pfb></usr/share/texmf-
dist/fonts/type1/urw/times/utmri8a.pfb>
Output written on Rd2.pdf (2 pages, 63200 bytes).
Transcript written on Rd2.log.
This is pdfTeX, Version 3.14159265-2.6-1.40.19 (TeX Live 2018/Arch Linux) (preloaded format=pdflatex)
 restricted \write18 enabled.
entering extended mode
(./Rd2.tex
LaTeX2e <2018-12-01>

(/usr/share/texmf-dist/tex/latex/base/book.cls
Document Class: book 2018/09/03 v1.4i Standard LaTeX document class
(/usr/share/texmf-dist/tex/latex/base/bk10.clo))
(/usr/share/texmf/tex/latex/Rd.sty
(/usr/share/texmf-dist/tex/latex/base/ifthen.sty)
(/usr/share/texmf-dist/tex/latex/tools/longtable.sty)
(/usr/share/texmf-dist/tex/latex/tools/bm.sty)
(/usr/share/texmf-dist/tex/latex/base/alltt.sty)
(/usr/share/texmf-dist/tex/latex/tools/verbatim.sty)
(/usr/share/texmf-dist/tex/latex/url/url.sty)
(/usr/share/texmf-dist/tex/latex/base/textcomp.sty
(/usr/share/texmf-dist/tex/latex/base/ts1enc.def
(/usr/share/texmf-dist/tex/latex/base/ts1enc.dfu)))
(/usr/share/texmf-dist/tex/latex/base/fontenc.sty
(/usr/share/texmf-dist/tex/latex/base/t1enc.def))
(/usr/share/texmf-dist/tex/latex/psnfss/times.sty))
(/usr/share/texmf-dist/tex/latex/base/inputenc.sty
(/usr/share/texmf-dist/tex/latex/base/latin1.def)) (./Rd2.aux)
(/usr/share/texmf-dist/tex/latex/base/ts1cmr.fd)
(/usr/share/texmf-dist/tex/latex/psnfss/t1ptm.fd)
(/usr/share/texmf-dist/tex/latex/psnfss/t1pcr.fd)
(/usr/share/texmf-dist/tex/latex/psnfss/t1phv.fd) (./Rd2.toc)
(/usr/share/texmf-dist/tex/latex/base/utf8.def) [1{/var/lib/texmf/fonts/map/pdf
tex/updmap/pdftex.map}] [2] (./Rd2.aux) ){/usr/share/texmf-dist/fonts/enc/dvips
/base/8r.enc}</usr/share/texmf-dist/fonts/type1/urw/courier/ucrr8a.pfb></usr/sh
are/texmf-dist/fonts/type1/urw/helvetic/uhvr8a.pfb></usr/share/texmf-dist/fonts
/type1/urw/times/utmb8a.pfb></usr/share/texmf-dist/fonts/type1/urw/times/utmr8a
.pfb></usr/share/texmf-dist/fonts/type1/urw/times/utmr8a.pfb></usr/share/texmf-
dist/fonts/type1/urw/times/utmri8a.pfb>
Output written on Rd2.pdf (2 pages, 63206 bytes).
Transcript written on Rd2.log.
Saving output to ‘orthogonalize-manual.pdf’ ...
Done
You may want to clean up by 'rm -Rf /tmp/RtmplGd5hv/Rd2pdf4d221c9cae77'
